Loading calibration dataset: lmms-lab/flickr30k
Preprocessing dataset...

Map:   0%|          | 0/2 [00:00<?, ? examples/s]
Map: 100%|██████████| 2/2 [00:00<00:00, 12.51 examples/s]
Map: 100%|██████████| 2/2 [00:00<00:00, 12.15 examples/s]
Starting nvfp4 quantization process...

Preparing cache:   0%|          | 0/2 [00:00<?, ?it/s]
Preparing cache:  50%|█████     | 1/2 [00:00<00:00,  1.78it/s]
Preparing cache: 100%|██████████| 2/2 [00:00<00:00,  3.06it/s]

(1/29): Calibrating:   0%|          | 0/2 [00:00<?, ?it/s]
(1/29): Calibrating:  50%|█████     | 1/2 [00:00<00:00,  1.60it/s]
(1/29): Calibrating: 100%|██████████| 2/2 [00:00<00:00,  2.90it/s]

(1/29): Propagating:   0%|          | 0/2 [00:00<?, ?it/s]
(1/29): Propagating: 100%|██████████| 2/2 [00:00<00:00, 35.23it/s]

(2/29): Calibrating:   0%|          | 0/2 [00:00<?, ?it/s]
(2/29): Calibrating: 100%|██████████| 2/2 [00:00<00:00, 59.40it/s]

(2/29): Propagating:   0%|          | 0/2 [00:00<?, ?it/s]
(2/29): Propagating: 100%|██████████| 2/2 [00:00<00:00, 404.21it/s]

(3/29): Calibrating:   0%|          | 0/2 [00:00<?, ?it/s]
(3/29): Calibrating: 100%|██████████| 2/2 [00:00<00:00, 76.03it/s]

(3/29): Propagating:   0%|          | 0/2 [00:00<?, ?it/s]
(3/29): Propagating: 100%|██████████| 2/2 [00:00<00:00, 402.23it/s]

(4/29): Calibrating:   0%|          | 0/2 [00:00<?, ?it/s]
(4/29): Calibrating: 100%|██████████| 2/2 [00:00<00:00, 63.83it/s]

(4/29): Propagating:   0%|          | 0/2 [00:00<?, ?it/s]
(4/29): Propagating: 100%|██████████| 2/2 [00:00<00:00, 400.20it/s]

(5/29): Calibrating:   0%|          | 0/2 [00:00<?, ?it/s]
(5/29): Calibrating: 100%|██████████| 2/2 [00:00<00:00, 80.49it/s]

(5/29): Propagating:   0%|          | 0/2 [00:00<?, ?it/s]
(5/29): Propagating: 100%|██████████| 2/2 [00:00<00:00, 435.95it/s]

(6/29): Calibrating:   0%|          | 0/2 [00:00<?, ?it/s]
(6/29): Calibrating: 100%|██████████| 2/2 [00:00<00:00, 79.89it/s]

(6/29): Propagating:   0%|          | 0/2 [00:00<?, ?it/s]
(6/29): Propagating: 100%|██████████| 2/2 [00:00<00:00, 406.50it/s]

(7/29): Calibrating:   0%|          | 0/2 [00:00<?, ?it/s]
(7/29): Calibrating: 100%|██████████| 2/2 [00:00<00:00, 75.00it/s]

(7/29): Propagating:   0%|          | 0/2 [00:00<?, ?it/s]
(7/29): Propagating: 100%|██████████| 2/2 [00:00<00:00, 442.48it/s]

(8/29): Calibrating:   0%|          | 0/2 [00:00<?, ?it/s]
(8/29): Calibrating: 100%|██████████| 2/2 [00:00<00:00, 60.67it/s]

(8/29): Propagating:   0%|          | 0/2 [00:00<?, ?it/s]
(8/29): Propagating: 100%|██████████| 2/2 [00:00<00:00, 439.54it/s]

(9/29): Calibrating:   0%|          | 0/2 [00:00<?, ?it/s]
(9/29): Calibrating: 100%|██████████| 2/2 [00:00<00:00, 82.27it/s]

(9/29): Propagating:   0%|          | 0/2 [00:00<?, ?it/s]
(9/29): Propagating: 100%|██████████| 2/2 [00:00<00:00, 438.57it/s]

(10/29): Calibrating:   0%|          | 0/2 [00:00<?, ?it/s]
(10/29): Calibrating: 100%|██████████| 2/2 [00:00<00:00, 83.57it/s]

(10/29): Propagating:   0%|          | 0/2 [00:00<?, ?it/s]
(10/29): Propagating: 100%|██████████| 2/2 [00:00<00:00, 439.59it/s]

(11/29): Calibrating:   0%|          | 0/2 [00:00<?, ?it/s]
(11/29): Calibrating: 100%|██████████| 2/2 [00:00<00:00, 79.27it/s]

(11/29): Propagating:   0%|          | 0/2 [00:00<?, ?it/s]
(11/29): Propagating: 100%|██████████| 2/2 [00:00<00:00, 418.66it/s]

(12/29): Calibrating:   0%|          | 0/2 [00:00<?, ?it/s]
(12/29): Calibrating: 100%|██████████| 2/2 [00:00<00:00, 78.77it/s]

(12/29): Propagating:   0%|          | 0/2 [00:00<?, ?it/s]
(12/29): Propagating: 100%|██████████| 2/2 [00:00<00:00, 438.14it/s]

(13/29): Calibrating:   0%|          | 0/2 [00:00<?, ?it/s]
(13/29): Calibrating: 100%|██████████| 2/2 [00:00<00:00, 78.72it/s]

(13/29): Propagating:   0%|          | 0/2 [00:00<?, ?it/s]
(13/29): Propagating: 100%|██████████| 2/2 [00:00<00:00, 429.13it/s]

(14/29): Calibrating:   0%|          | 0/2 [00:00<?, ?it/s]
(14/29): Calibrating: 100%|██████████| 2/2 [00:00<00:00, 79.23it/s]

(14/29): Propagating:   0%|          | 0/2 [00:00<?, ?it/s]
(14/29): Propagating: 100%|██████████| 2/2 [00:00<00:00, 435.84it/s]

(15/29): Calibrating:   0%|          | 0/2 [00:00<?, ?it/s]
(15/29): Calibrating: 100%|██████████| 2/2 [00:00<00:00, 72.24it/s]

(15/29): Propagating:   0%|          | 0/2 [00:00<?, ?it/s]
(15/29): Propagating: 100%|██████████| 2/2 [00:00<00:00, 415.85it/s]

(16/29): Calibrating:   0%|          | 0/2 [00:00<?, ?it/s]
(16/29): Calibrating: 100%|██████████| 2/2 [00:00<00:00, 70.86it/s]

(16/29): Propagating:   0%|          | 0/2 [00:00<?, ?it/s]
(16/29): Propagating: 100%|██████████| 2/2 [00:00<00:00, 415.05it/s]

(17/29): Calibrating:   0%|          | 0/2 [00:00<?, ?it/s]
(17/29): Calibrating: 100%|██████████| 2/2 [00:00<00:00, 74.51it/s]

(17/29): Propagating:   0%|          | 0/2 [00:00<?, ?it/s]
(17/29): Propagating: 100%|██████████| 2/2 [00:00<00:00, 404.04it/s]

(18/29): Calibrating:   0%|          | 0/2 [00:00<?, ?it/s]
(18/29): Calibrating: 100%|██████████| 2/2 [00:00<00:00, 73.82it/s]

(18/29): Propagating:   0%|          | 0/2 [00:00<?, ?it/s]
(18/29): Propagating: 100%|██████████| 2/2 [00:00<00:00, 446.56it/s]

(19/29): Calibrating:   0%|          | 0/2 [00:00<?, ?it/s]
(19/29): Calibrating: 100%|██████████| 2/2 [00:00<00:00, 69.21it/s]

(19/29): Propagating:   0%|          | 0/2 [00:00<?, ?it/s]
(19/29): Propagating: 100%|██████████| 2/2 [00:00<00:00, 433.74it/s]

(20/29): Calibrating:   0%|          | 0/2 [00:00<?, ?it/s]
(20/29): Calibrating: 100%|██████████| 2/2 [00:00<00:00, 79.62it/s]

(20/29): Propagating:   0%|          | 0/2 [00:00<?, ?it/s]
(20/29): Propagating: 100%|██████████| 2/2 [00:00<00:00, 434.40it/s]

(21/29): Calibrating:   0%|          | 0/2 [00:00<?, ?it/s]
(21/29): Calibrating: 100%|██████████| 2/2 [00:00<00:00, 74.61it/s]

(21/29): Propagating:   0%|          | 0/2 [00:00<?, ?it/s]
(21/29): Propagating: 100%|██████████| 2/2 [00:00<00:00, 409.66it/s]

(22/29): Calibrating:   0%|          | 0/2 [00:00<?, ?it/s]
(22/29): Calibrating: 100%|██████████| 2/2 [00:00<00:00, 64.07it/s]

(22/29): Propagating:   0%|          | 0/2 [00:00<?, ?it/s]
(22/29): Propagating: 100%|██████████| 2/2 [00:00<00:00, 419.56it/s]

(23/29): Calibrating:   0%|          | 0/2 [00:00<?, ?it/s]
(23/29): Calibrating: 100%|██████████| 2/2 [00:00<00:00, 76.18it/s]

(23/29): Propagating:   0%|          | 0/2 [00:00<?, ?it/s]
(23/29): Propagating: 100%|██████████| 2/2 [00:00<00:00, 425.43it/s]

(24/29): Calibrating:   0%|          | 0/2 [00:00<?, ?it/s]
(24/29): Calibrating: 100%|██████████| 2/2 [00:00<00:00, 78.34it/s]

(24/29): Propagating:   0%|          | 0/2 [00:00<?, ?it/s]
(24/29): Propagating: 100%|██████████| 2/2 [00:00<00:00, 425.08it/s]

(25/29): Calibrating:   0%|          | 0/2 [00:00<?, ?it/s]
(25/29): Calibrating: 100%|██████████| 2/2 [00:00<00:00, 74.09it/s]

(25/29): Propagating:   0%|          | 0/2 [00:00<?, ?it/s]
(25/29): Propagating: 100%|██████████| 2/2 [00:00<00:00, 438.90it/s]

(26/29): Calibrating:   0%|          | 0/2 [00:00<?, ?it/s]
(26/29): Calibrating: 100%|██████████| 2/2 [00:00<00:00, 62.98it/s]

(26/29): Propagating:   0%|          | 0/2 [00:00<?, ?it/s]
(26/29): Propagating: 100%|██████████| 2/2 [00:00<00:00, 412.72it/s]

(27/29): Calibrating:   0%|          | 0/2 [00:00<?, ?it/s]
(27/29): Calibrating: 100%|██████████| 2/2 [00:00<00:00, 75.72it/s]

(27/29): Propagating:   0%|          | 0/2 [00:00<?, ?it/s]
(27/29): Propagating: 100%|██████████| 2/2 [00:00<00:00, 416.66it/s]

(28/29): Calibrating:   0%|          | 0/2 [00:00<?, ?it/s]
(28/29): Calibrating: 100%|██████████| 2/2 [00:00<00:00, 79.07it/s]

(28/29): Propagating:   0%|          | 0/2 [00:00<?, ?it/s]
(28/29): Propagating: 100%|██████████| 2/2 [00:00<00:00, 423.37it/s]

(29/29): Calibrating:   0%|          | 0/2 [00:00<?, ?it/s]
(29/29): Calibrating: 100%|██████████| 2/2 [00:00<00:00, 214.13it/s]

(29/29): Propagating:   0%|          | 0/2 [00:00<?, ?it/s]
(29/29): Propagating: 100%|██████████| 2/2 [00:00<00:00, 1260.69it/s]

Updating global scales:   0%|          | 0/196 [00:00<?, ?it/s]
Updating global scales:  20%|█▉        | 39/196 [00:00<00:00, 386.66it/s]
Updating global scales:  40%|████      | 79/196 [00:00<00:00, 394.29it/s]
Updating global scales:  61%|██████    | 120/196 [00:00<00:00, 400.95it/s]
Updating global scales:  82%|████████▏ | 161/196 [00:00<00:00, 400.42it/s]
Updating global scales: 100%|██████████| 196/196 [00:00<00:00, 399.93it/s]

Fusing global scales: 0it [00:00, ?it/s]
Fusing global scales: 521it [00:00, 5193.47it/s]
Fusing global scales: 1041it [00:00, 3348.30it/s]
Fusing global scales: 1087it [00:00, 3477.20it/s]

Calibrating weights:   0%|          | 0/196 [00:00<?, ?it/s]
Calibrating weights:   7%|▋         | 13/196 [00:00<00:01, 117.15it/s]
Calibrating weights:  13%|█▎        | 25/196 [00:00<00:01, 116.87it/s]
Calibrating weights:  19%|█▉        | 37/196 [00:00<00:01, 112.54it/s]
Calibrating weights:  25%|██▌       | 49/196 [00:00<00:01, 111.60it/s]
Calibrating weights:  32%|███▏      | 62/196 [00:00<00:01, 114.31it/s]
Calibrating weights:  38%|███▊      | 75/196 [00:00<00:01, 116.56it/s]
Calibrating weights:  44%|████▍     | 87/196 [00:00<00:00, 116.03it/s]
Calibrating weights:  51%|█████     | 99/196 [00:00<00:00, 113.46it/s]
Calibrating weights:  57%|█████▋    | 111/196 [00:00<00:00, 114.76it/s]
Calibrating weights:  63%|██████▎   | 124/196 [00:01<00:00, 116.93it/s]
Calibrating weights:  69%|██████▉   | 136/196 [00:01<00:00, 117.34it/s]
Calibrating weights:  76%|███████▌  | 148/196 [00:01<00:00, 113.64it/s]
Calibrating weights:  82%|████████▏ | 160/196 [00:01<00:00, 114.94it/s]
Calibrating weights:  88%|████████▊ | 173/196 [00:01<00:00, 116.56it/s]
Calibrating weights:  94%|█████████▍| 185/196 [00:01<00:00, 116.20it/s]
Calibrating weights: 100%|██████████| 196/196 [00:01<00:00, 115.15it/s]

Preparing cache:   0%|          | 0/2 [00:00<?, ?it/s]
Preparing cache:  50%|█████     | 1/2 [00:01<00:01,  1.18s/it]
Preparing cache: 100%|██████████| 2/2 [00:01<00:00,  1.43it/s]

(1/29): Calibrating:   0%|          | 0/2 [00:00<?, ?it/s]
(1/29): Calibrating:  50%|█████     | 1/2 [00:01<00:01,  1.13s/it]
(1/29): Calibrating: 100%|██████████| 2/2 [00:01<00:00,  1.72it/s]

(1/29): Propagating:   0%|          | 0/2 [00:00<?, ?it/s]
(1/29): Propagating: 100%|██████████| 2/2 [00:00<00:00, 28.80it/s]

(2/29): Calibrating:   0%|          | 0/2 [00:00<?, ?it/s]
(2/29): Calibrating: 100%|██████████| 2/2 [00:00<00:00, 30.44it/s]

(2/29): Propagating:   0%|          | 0/2 [00:00<?, ?it/s]
(2/29): Propagating: 100%|██████████| 2/2 [00:00<00:00, 94.04it/s]

(3/29): Calibrating:   0%|          | 0/2 [00:00<?, ?it/s]
(3/29): Calibrating: 100%|██████████| 2/2 [00:00<00:00, 26.98it/s]

(3/29): Propagating:   0%|          | 0/2 [00:00<?, ?it/s]
(3/29): Propagating: 100%|██████████| 2/2 [00:00<00:00, 92.42it/s]

(4/29): Calibrating:   0%|          | 0/2 [00:00<?, ?it/s]
(4/29): Calibrating: 100%|██████████| 2/2 [00:00<00:00, 37.80it/s]

(4/29): Propagating:   0%|          | 0/2 [00:00<?, ?it/s]
(4/29): Propagating: 100%|██████████| 2/2 [00:00<00:00, 91.94it/s]

(5/29): Calibrating:   0%|          | 0/2 [00:00<?, ?it/s]
(5/29): Calibrating: 100%|██████████| 2/2 [00:00<00:00, 36.60it/s]

(5/29): Propagating:   0%|          | 0/2 [00:00<?, ?it/s]
(5/29): Propagating: 100%|██████████| 2/2 [00:00<00:00, 93.00it/s]

(6/29): Calibrating:   0%|          | 0/2 [00:00<?, ?it/s]
(6/29): Calibrating: 100%|██████████| 2/2 [00:00<00:00, 38.19it/s]

(6/29): Propagating:   0%|          | 0/2 [00:00<?, ?it/s]
(6/29): Propagating: 100%|██████████| 2/2 [00:00<00:00, 93.46it/s]

(7/29): Calibrating:   0%|          | 0/2 [00:00<?, ?it/s]
(7/29): Calibrating: 100%|██████████| 2/2 [00:00<00:00, 39.95it/s]

(7/29): Propagating:   0%|          | 0/2 [00:00<?, ?it/s]
(7/29): Propagating: 100%|██████████| 2/2 [00:00<00:00, 93.06it/s]

(8/29): Calibrating:   0%|          | 0/2 [00:00<?, ?it/s]
(8/29): Calibrating: 100%|██████████| 2/2 [00:00<00:00, 36.29it/s]

(8/29): Propagating:   0%|          | 0/2 [00:00<?, ?it/s]
(8/29): Propagating: 100%|██████████| 2/2 [00:00<00:00, 94.83it/s]

(9/29): Calibrating:   0%|          | 0/2 [00:00<?, ?it/s]
(9/29): Calibrating: 100%|██████████| 2/2 [00:00<00:00, 35.25it/s]

(9/29): Propagating:   0%|          | 0/2 [00:00<?, ?it/s]
(9/29): Propagating: 100%|██████████| 2/2 [00:00<00:00, 94.21it/s]

(10/29): Calibrating:   0%|          | 0/2 [00:00<?, ?it/s]
(10/29): Calibrating: 100%|██████████| 2/2 [00:00<00:00, 38.60it/s]

(10/29): Propagating:   0%|          | 0/2 [00:00<?, ?it/s]
(10/29): Propagating: 100%|██████████| 2/2 [00:00<00:00, 93.50it/s]

(11/29): Calibrating:   0%|          | 0/2 [00:00<?, ?it/s]
(11/29): Calibrating: 100%|██████████| 2/2 [00:00<00:00, 33.67it/s]

(11/29): Propagating:   0%|          | 0/2 [00:00<?, ?it/s]
(11/29): Propagating: 100%|██████████| 2/2 [00:00<00:00, 93.99it/s]

(12/29): Calibrating:   0%|          | 0/2 [00:00<?, ?it/s]
(12/29): Calibrating: 100%|██████████| 2/2 [00:00<00:00, 36.93it/s]

(12/29): Propagating:   0%|          | 0/2 [00:00<?, ?it/s]
(12/29): Propagating: 100%|██████████| 2/2 [00:00<00:00, 93.80it/s]

(13/29): Calibrating:   0%|          | 0/2 [00:00<?, ?it/s]
(13/29): Calibrating: 100%|██████████| 2/2 [00:00<00:00, 38.28it/s]

(13/29): Propagating:   0%|          | 0/2 [00:00<?, ?it/s]
(13/29): Propagating: 100%|██████████| 2/2 [00:00<00:00, 96.03it/s]

(14/29): Calibrating:   0%|          | 0/2 [00:00<?, ?it/s]
(14/29): Calibrating: 100%|██████████| 2/2 [00:00<00:00, 32.19it/s]

(14/29): Propagating:   0%|          | 0/2 [00:00<?, ?it/s]
(14/29): Propagating: 100%|██████████| 2/2 [00:00<00:00, 95.84it/s]

(15/29): Calibrating:   0%|          | 0/2 [00:00<?, ?it/s]
(15/29): Calibrating: 100%|██████████| 2/2 [00:00<00:00, 37.35it/s]

(15/29): Propagating:   0%|          | 0/2 [00:00<?, ?it/s]
(15/29): Propagating: 100%|██████████| 2/2 [00:00<00:00, 94.88it/s]

(16/29): Calibrating:   0%|          | 0/2 [00:00<?, ?it/s]
(16/29): Calibrating: 100%|██████████| 2/2 [00:00<00:00, 39.21it/s]

(16/29): Propagating:   0%|          | 0/2 [00:00<?, ?it/s]
(16/29): Propagating: 100%|██████████| 2/2 [00:00<00:00, 86.93it/s]

(17/29): Calibrating:   0%|          | 0/2 [00:00<?, ?it/s]
(17/29): Calibrating: 100%|██████████| 2/2 [00:00<00:00, 39.11it/s]

(17/29): Propagating:   0%|          | 0/2 [00:00<?, ?it/s]
(17/29): Propagating: 100%|██████████| 2/2 [00:00<00:00, 92.27it/s]

(18/29): Calibrating:   0%|          | 0/2 [00:00<?, ?it/s]
(18/29): Calibrating: 100%|██████████| 2/2 [00:00<00:00, 38.98it/s]

(18/29): Propagating:   0%|          | 0/2 [00:00<?, ?it/s]
(18/29): Propagating: 100%|██████████| 2/2 [00:00<00:00, 93.63it/s]

(19/29): Calibrating:   0%|          | 0/2 [00:00<?, ?it/s]
(19/29): Calibrating: 100%|██████████| 2/2 [00:00<00:00, 38.46it/s]

(19/29): Propagating:   0%|          | 0/2 [00:00<?, ?it/s]
(19/29): Propagating: 100%|██████████| 2/2 [00:00<00:00, 95.80it/s]

(20/29): Calibrating:   0%|          | 0/2 [00:00<?, ?it/s]
(20/29): Calibrating: 100%|██████████| 2/2 [00:00<00:00, 37.38it/s]

(20/29): Propagating:   0%|          | 0/2 [00:00<?, ?it/s]
(20/29): Propagating: 100%|██████████| 2/2 [00:00<00:00, 94.81it/s]

(21/29): Calibrating:   0%|          | 0/2 [00:00<?, ?it/s]
(21/29): Calibrating: 100%|██████████| 2/2 [00:00<00:00, 33.51it/s]

(21/29): Propagating:   0%|          | 0/2 [00:00<?, ?it/s]
(21/29): Propagating: 100%|██████████| 2/2 [00:00<00:00, 93.09it/s]

(22/29): Calibrating:   0%|          | 0/2 [00:00<?, ?it/s]
(22/29): Calibrating: 100%|██████████| 2/2 [00:00<00:00, 37.25it/s]

(22/29): Propagating:   0%|          | 0/2 [00:00<?, ?it/s]
(22/29): Propagating: 100%|██████████| 2/2 [00:00<00:00, 92.98it/s]

(23/29): Calibrating:   0%|          | 0/2 [00:00<?, ?it/s]
(23/29): Calibrating: 100%|██████████| 2/2 [00:00<00:00, 30.21it/s]

(23/29): Propagating:   0%|          | 0/2 [00:00<?, ?it/s]
(23/29): Propagating: 100%|██████████| 2/2 [00:00<00:00, 93.57it/s]

(24/29): Calibrating:   0%|          | 0/2 [00:00<?, ?it/s]
(24/29): Calibrating: 100%|██████████| 2/2 [00:00<00:00, 36.89it/s]

(24/29): Propagating:   0%|          | 0/2 [00:00<?, ?it/s]
(24/29): Propagating: 100%|██████████| 2/2 [00:00<00:00, 93.86it/s]

(25/29): Calibrating:   0%|          | 0/2 [00:00<?, ?it/s]
(25/29): Calibrating: 100%|██████████| 2/2 [00:00<00:00, 37.20it/s]

(25/29): Propagating:   0%|          | 0/2 [00:00<?, ?it/s]
(25/29): Propagating: 100%|██████████| 2/2 [00:00<00:00, 95.23it/s]

(26/29): Calibrating:   0%|          | 0/2 [00:00<?, ?it/s]
(26/29): Calibrating: 100%|██████████| 2/2 [00:00<00:00, 36.22it/s]

(26/29): Propagating:   0%|          | 0/2 [00:00<?, ?it/s]
(26/29): Propagating: 100%|██████████| 2/2 [00:00<00:00, 95.13it/s]

(27/29): Calibrating:   0%|          | 0/2 [00:00<?, ?it/s]
(27/29): Calibrating: 100%|██████████| 2/2 [00:00<00:00, 36.22it/s]

(27/29): Propagating:   0%|          | 0/2 [00:00<?, ?it/s]
(27/29): Propagating: 100%|██████████| 2/2 [00:00<00:00, 93.36it/s]

(28/29): Calibrating:   0%|          | 0/2 [00:00<?, ?it/s]
(28/29): Calibrating: 100%|██████████| 2/2 [00:00<00:00, 34.80it/s]

(28/29): Propagating:   0%|          | 0/2 [00:00<?, ?it/s]
(28/29): Propagating: 100%|██████████| 2/2 [00:00<00:00, 93.42it/s]

(29/29): Calibrating:   0%|          | 0/2 [00:00<?, ?it/s]
(29/29): Calibrating: 100%|██████████| 2/2 [00:00<00:00, 38.62it/s]

(29/29): Propagating:   0%|          | 0/2 [00:00<?, ?it/s]
(29/29): Propagating: 100%|██████████| 2/2 [00:00<00:00, 679.07it/s]
Quantization complete!
Running sample generation...
========== SAMPLE GENERATION ==============
Generating response...
Generated: user
Please describe the animal in this image

assistant
The kitten, covered in fluffy white fur, sits comfortably on a white keyboard, embodying a serene and playful demeanor. Its soft and adorable features, including large expressive eyes and a tiny nose, contribute to its charming appearance. With its ears perking up attentively, the kitten gazes directly at the viewer, exuding a sense of curiosity and innocence. The kitten's posture, nestled comfortably on the keyboard, blends the innocence of youth with the playful nature of the scene.
==========================================
Saving quantized model to: output/model_nvfp4...

Compressing model: 0it [00:00, ?it/s]
Compressing model: 1it [00:02,  2.84s/it]
Compressing model: 2it [00:03,  1.55s/it]
Compressing model: 5it [00:03,  2.15it/s]
Compressing model: 7it [00:03,  3.21it/s]
Compressing model: 12it [00:03,  7.02it/s]
Compressing model: 15it [00:04,  8.74it/s]
Compressing model: 19it [00:04, 12.31it/s]
Compressing model: 22it [00:04, 13.37it/s]
Compressing model: 26it [00:04, 17.27it/s]
Compressing model: 29it [00:04, 17.13it/s]
Compressing model: 33it [00:04, 21.04it/s]
Compressing model: 36it [00:04, 19.68it/s]
Compressing model: 40it [00:05, 23.09it/s]
Compressing model: 43it [00:05, 20.77it/s]
Compressing model: 47it [00:05, 23.94it/s]
Compressing model: 50it [00:05, 21.62it/s]
Compressing model: 54it [00:05, 25.10it/s]
Compressing model: 57it [00:05, 22.15it/s]
Compressing model: 61it [00:05, 25.58it/s]
Compressing model: 64it [00:06, 23.01it/s]
Compressing model: 68it [00:06, 26.21it/s]
Compressing model: 71it [00:06, 20.95it/s]
Compressing model: 75it [00:06, 24.92it/s]
Compressing model: 78it [00:06, 22.77it/s]
Compressing model: 83it [00:06, 24.55it/s]
Compressing model: 87it [00:06, 27.14it/s]
Compressing model: 90it [00:07, 23.77it/s]
Compressing model: 94it [00:07, 26.59it/s]
Compressing model: 97it [00:07, 23.64it/s]
Compressing model: 101it [00:07, 26.61it/s]
Compressing model: 104it [00:07, 23.58it/s]
Compressing model: 108it [00:07, 26.91it/s]
Compressing model: 111it [00:07, 23.84it/s]
Compressing model: 115it [00:08, 27.14it/s]
Compressing model: 118it [00:08, 24.39it/s]
Compressing model: 123it [00:08, 29.72it/s]
Compressing model: 127it [00:08, 23.72it/s]
Compressing model: 131it [00:08, 26.60it/s]
Compressing model: 135it [00:08, 24.89it/s]
Compressing model: 138it [00:09, 25.65it/s]
Compressing model: 141it [00:09, 22.44it/s]
Compressing model: 145it [00:09, 25.63it/s]
Compressing model: 148it [00:09, 22.74it/s]
Compressing model: 152it [00:09, 26.06it/s]
Compressing model: 155it [00:09, 22.86it/s]
Compressing model: 159it [00:09, 25.84it/s]
Compressing model: 162it [00:10, 22.73it/s]
Compressing model: 166it [00:10, 26.06it/s]
Compressing model: 169it [00:10, 22.86it/s]
Compressing model: 173it [00:10, 26.27it/s]
Compressing model: 176it [00:10, 23.62it/s]
Compressing model: 180it [00:10, 27.09it/s]
Compressing model: 183it [00:10, 24.26it/s]
Compressing model: 187it [00:10, 27.86it/s]
Compressing model: 191it [00:11, 26.23it/s]
Compressing model: 195it [00:11, 25.48it/s]
Compressing model: 196it [00:11, 17.21it/s]
Postprocessing config file output/model_nvfp4/config.json...

Fetching 12 files:   0%|          | 0/12 [00:00<?, ?it/s]
Fetching 12 files:  42%|████▏     | 5/12 [00:00<00:00, 30.14it/s]
Fetching 12 files: 100%|██████████| 12/12 [00:00<00:00, 72.27it/s]
Quantization complete! Model saved to: output/model_nvfp4
